__tests__/components/admin/UserTwoFactorManager.test.tsx(27,20): error TS2322: Type 'VitestUtils' is not assignable to type 'Awaitable<HookCleanupCallback>'.
__tests__/components/dashboard/ProfileCard.test.tsx(13,58): error TS2322: Type '{ id: string; name: string; email: string; roles: string[]; }' is not assignable to type 'User'.
  Types of property 'id' are incompatible.
    Type 'string' is not assignable to type 'number'.
__tests__/components/dashboard/StatsGrid.test.tsx(11,56): error TS2322: Type '{ label: string; value: number; color: string; icon: Element; }[]' is not assignable to type 'DashboardStat[]'.
  Type '{ label: string; value: number; color: string; icon: React.JSX.Element; }' is not assignable to type 'DashboardStat'.
    Types of property 'icon' are incompatible.
      Type 'Element' is not assignable to type 'string'.
__tests__/components/dashboard/WelcomeHeader.test.tsx(6,46): error TS2741: Property 'userName' is missing in type '{}' but required in type 'WelcomeHeaderProps'.
__tests__/components/ErrorBoundary.extra.test.tsx(24,17): error TS2540: Cannot assign to 'NODE_ENV' because it is a read-only property.
__tests__/components/ErrorBoundary.extra.test.tsx(37,19): error TS2540: Cannot assign to 'NODE_ENV' because it is a read-only property.
__tests__/components/Toast.test.tsx(12,20): error TS2322: Type 'VitestUtils' is not assignable to type 'Awaitable<HookCleanupCallback>'.
__tests__/components/tools/CategorySelector.test.tsx(33,27): error TS2322: Type 'true' is not assignable to type 'never[] & true'.
  Type 'boolean' is not assignable to type 'never[]'.
__tests__/components/tools/ScreenshotManager.extra.test.tsx(103,35): error TS2694: Namespace 'global.jest' has no exported member 'MockedFunction'.
__tests__/components/tools/ScreenshotManager.extra.test.tsx(135,35): error TS2694: Namespace 'global.jest' has no exported member 'MockedFunction'.
__tests__/components/tools/ScreenshotManager.extra.test.tsx(138,22): error TS2694: Namespace 'global.jest' has no exported member 'MockedFunction'.
__tests__/components/tools/ScreenshotManager.extra.test.tsx(169,35): error TS2694: Namespace 'global.jest' has no exported member 'MockedFunction'.
__tests__/components/TwoFactorSetup.extra.test.tsx(8,20): error TS2322: Type 'VitestUtils' is not assignable to type 'Awaitable<HookCleanupCallback>'.
tests/test-store.ts(2,15): error TS2305: Module '"@reduxjs/toolkit"' has no exported member 'PreloadedState'.
tests/test-store.ts(13,5): error TS2322: Type 'Record<string, unknown>' is not assignable to type 'Reducer<{ [x: string]: ...; }, UnknownAction, any>'.
  Type 'Record<string, unknown>' provides no match for the signature '(state: any, action: UnknownAction): { [x: string]: ...; }'.
