__tests__/components/admin/UserTwoFactorManager.test.tsx(26,1): error TS2582: Cannot find name 'describe'. Do you need to install type definitions for a test runner? Try `npm i --save-dev @types/jest` or `npm i --save-dev @types/mocha`.
__tests__/components/admin/UserTwoFactorManager.test.tsx(27,3): error TS2304: Cannot find name 'beforeEach'.
__tests__/components/admin/UserTwoFactorManager.test.tsx(29,3): error TS2582: Cannot find name 'test'. Do you need to install type definitions for a test runner? Try `npm i --save-dev @types/jest` or `npm i --save-dev @types/mocha`.
__tests__/components/admin/UserTwoFactorManager.test.tsx(46,5): error TS2304: Cannot find name 'expect'.
__tests__/components/admin/UserTwoFactorManager.test.tsx(49,3): error TS2582: Cannot find name 'test'. Do you need to install type definitions for a test runner? Try `npm i --save-dev @types/jest` or `npm i --save-dev @types/mocha`.
__tests__/components/admin/UserTwoFactorManager.test.tsx(66,5): error TS2304: Cannot find name 'expect'.
__tests__/components/admin/UserTwoFactorManager.test.tsx(69,3): error TS2582: Cannot find name 'test'. Do you need to install type definitions for a test runner? Try `npm i --save-dev @types/jest` or `npm i --save-dev @types/mocha`.
__tests__/components/admin/UserTwoFactorManager.test.tsx(92,5): error TS2304: Cannot find name 'expect'.
__tests__/components/admin/UserTwoFactorManager.test.tsx(93,5): error TS2304: Cannot find name 'expect'.
__tests__/components/admin/UserTwoFactorManager.test.tsx(94,5): error TS2304: Cannot find name 'expect'.
__tests__/components/admin/UserTwoFactorManager.test.tsx(95,5): error TS2304: Cannot find name 'expect'.
__tests__/components/admin/UserTwoFactorManager.test.tsx(98,3): error TS2582: Cannot find name 'test'. Do you need to install type definitions for a test runner? Try `npm i --save-dev @types/jest` or `npm i --save-dev @types/mocha`.
__tests__/components/admin/UserTwoFactorManager.test.tsx(122,25): error TS2304: Cannot find name 'expect'.
__tests__/components/admin/UserTwoFactorManager.test.tsx(123,25): error TS2304: Cannot find name 'expect'.
__tests__/components/admin/UserTwoFactorManager.test.tsx(124,5): error TS2304: Cannot find name 'expect'.
__tests__/components/admin/UserTwoFactorManager.test.tsx(127,3): error TS2582: Cannot find name 'test'. Do you need to install type definitions for a test runner? Try `npm i --save-dev @types/jest` or `npm i --save-dev @types/mocha`.
__tests__/components/admin/UserTwoFactorManager.test.tsx(151,25): error TS2304: Cannot find name 'expect'.
__tests__/components/admin/UserTwoFactorManager.test.tsx(152,25): error TS2304: Cannot find name 'expect'.
__tests__/components/admin/UserTwoFactorManager.test.tsx(153,5): error TS2304: Cannot find name 'expect'.
__tests__/components/admin/UserTwoFactorManager.test.tsx(156,3): error TS2582: Cannot find name 'test'. Do you need to install type definitions for a test runner? Try `npm i --save-dev @types/jest` or `npm i --save-dev @types/mocha`.
__tests__/components/admin/UserTwoFactorManager.test.tsx(173,5): error TS2304: Cannot find name 'expect'.
__tests__/components/admin/UserTwoFactorManager.test.tsx(174,5): error TS2304: Cannot find name 'expect'.
__tests__/components/dashboard/ActivityFeed.test.tsx(5,1): error TS2582: Cannot find name 'test'. Do you need to install type definitions for a test runner? Try `npm i --save-dev @types/jest` or `npm i --save-dev @types/mocha`.
__tests__/components/dashboard/ActivityFeed.test.tsx(7,3): error TS2304: Cannot find name 'expect'.
__tests__/components/dashboard/ProfileCard.test.tsx(12,1): error TS2582: Cannot find name 'test'. Do you need to install type definitions for a test runner? Try `npm i --save-dev @types/jest` or `npm i --save-dev @types/mocha`.
__tests__/components/dashboard/ProfileCard.test.tsx(13,58): error TS2322: Type '{ id: string; name: string; email: string; roles: string[]; }' is not assignable to type 'User'.
  Types of property 'id' are incompatible.
    Type 'string' is not assignable to type 'number'.
__tests__/components/dashboard/ProfileCard.test.tsx(14,3): error TS2304: Cannot find name 'expect'.
__tests__/components/dashboard/ProfileCard.test.tsx(15,3): error TS2304: Cannot find name 'expect'.
__tests__/components/dashboard/QuickActions.test.tsx(5,1): error TS2582: Cannot find name 'test'. Do you need to install type definitions for a test runner? Try `npm i --save-dev @types/jest` or `npm i --save-dev @types/mocha`.
__tests__/components/dashboard/QuickActions.test.tsx(7,3): error TS2304: Cannot find name 'expect'.
__tests__/components/dashboard/StatsGrid.test.tsx(10,1): error TS2582: Cannot find name 'test'. Do you need to install type definitions for a test runner? Try `npm i --save-dev @types/jest` or `npm i --save-dev @types/mocha`.
__tests__/components/dashboard/StatsGrid.test.tsx(11,56): error TS2322: Type '{ label: string; value: number; color: string; icon: Element; }[]' is not assignable to type 'DashboardStat[]'.
  Type '{ label: string; value: number; color: string; icon: React.JSX.Element; }' is not assignable to type 'DashboardStat'.
    Types of property 'icon' are incompatible.
      Type 'Element' is not assignable to type 'string'.
__tests__/components/dashboard/StatsGrid.test.tsx(12,3): error TS2304: Cannot find name 'expect'.
__tests__/components/dashboard/StatsGrid.test.tsx(13,3): error TS2304: Cannot find name 'expect'.
__tests__/components/dashboard/WelcomeHeader.test.tsx(5,1): error TS2582: Cannot find name 'test'. Do you need to install type definitions for a test runner? Try `npm i --save-dev @types/jest` or `npm i --save-dev @types/mocha`.
__tests__/components/dashboard/WelcomeHeader.test.tsx(6,46): error TS2741: Property 'userName' is missing in type '{}' but required in type 'WelcomeHeaderProps'.
__tests__/components/dashboard/WelcomeHeader.test.tsx(7,3): error TS2304: Cannot find name 'expect'.
__tests__/components/ErrorBoundary.extra.test.tsx(24,17): error TS2540: Cannot assign to 'NODE_ENV' because it is a read-only property.
__tests__/components/ErrorBoundary.extra.test.tsx(37,19): error TS2540: Cannot assign to 'NODE_ENV' because it is a read-only property.
__tests__/components/ErrorBoundary.test.tsx(18,17): error TS2304: Cannot find name 'vi'.
__tests__/components/JournalSection.branches.test.tsx(6,1): error TS2582: Cannot find name 'describe'. Do you need to install type definitions for a test runner? Try `npm i --save-dev @types/jest` or `npm i --save-dev @types/mocha`.
__tests__/components/JournalSection.branches.test.tsx(7,3): error TS2304: Cannot find name 'beforeEach'.
__tests__/components/JournalSection.branches.test.tsx(12,3): error TS2582: Cannot find name 'test'. Do you need to install type definitions for a test runner? Try `npm i --save-dev @types/jest` or `npm i --save-dev @types/mocha`.
__tests__/components/JournalSection.branches.test.tsx(51,5): error TS2304: Cannot find name 'expect'.
__tests__/components/JournalSection.branches.test.tsx(53,5): error TS2304: Cannot find name 'expect'.
__tests__/components/JournalSection.branches.test.tsx(56,3): error TS2582: Cannot find name 'test'. Do you need to install type definitions for a test runner? Try `npm i --save-dev @types/jest` or `npm i --save-dev @types/mocha`.
__tests__/components/JournalSection.branches.test.tsx(89,5): error TS2304: Cannot find name 'expect'.
__tests__/components/JournalSection.branches.test.tsx(90,5): error TS2304: Cannot find name 'expect'.
__tests__/components/JournalSection.branches.test.tsx(93,3): error TS2582: Cannot find name 'test'. Do you need to install type definitions for a test runner? Try `npm i --save-dev @types/jest` or `npm i --save-dev @types/mocha`.
__tests__/components/JournalSection.branches.test.tsx(130,5): error TS2304: Cannot find name 'expect'.
__tests__/components/JournalSection.branches.test.tsx(134,5): error TS2304: Cannot find name 'expect'.
__tests__/components/JournalSection.branches.test.tsx(138,5): error TS2304: Cannot find name 'expect'.
__tests__/components/JournalSection.extra2.test.tsx(15,1): error TS2582: Cannot find name 'test'. Do you need to install type definitions for a test runner? Try `npm i --save-dev @types/jest` or `npm i --save-dev @types/mocha`.
__tests__/components/JournalSection.extra2.test.tsx(18,3): error TS2304: Cannot find name 'expect'.
__tests__/components/JournalSection.present.test.tsx(15,1): error TS2582: Cannot find name 'test'. Do you need to install type definitions for a test runner? Try `npm i --save-dev @types/jest` or `npm i --save-dev @types/mocha`.
__tests__/components/JournalSection.present.test.tsx(18,3): error TS2304: Cannot find name 'expect'.
__tests__/components/TagMultiSelect.extra.test.tsx(9,1): error TS2582: Cannot find name 'test'. Do you need to install type definitions for a test runner? Try `npm i --save-dev @types/jest` or `npm i --save-dev @types/mocha`.
__tests__/components/TagMultiSelect.extra.test.tsx(12,3): error TS2304: Cannot find name 'expect'.
__tests__/components/TagMultiSelect.test.tsx(10,1): error TS2582: Cannot find name 'describe'. Do you need to install type definitions for a test runner? Try `npm i --save-dev @types/jest` or `npm i --save-dev @types/mocha`.
__tests__/components/TagMultiSelect.test.tsx(11,3): error TS2304: Cannot find name 'beforeEach'.
__tests__/components/TagMultiSelect.test.tsx(15,3): error TS2582: Cannot find name 'it'. Do you need to install type definitions for a test runner? Try `npm i --save-dev @types/jest` or `npm i --save-dev @types/mocha`.
__tests__/components/TagMultiSelect.test.tsx(27,5): error TS2304: Cannot find name 'expect'.
__tests__/components/TagMultiSelect.test.tsx(30,3): error TS2582: Cannot find name 'it'. Do you need to install type definitions for a test runner? Try `npm i --save-dev @types/jest` or `npm i --save-dev @types/mocha`.
__tests__/components/TagMultiSelect.test.tsx(39,5): error TS2304: Cannot find name 'expect'.
__tests__/components/Toast.test.tsx(11,1): error TS2582: Cannot find name 'describe'. Do you need to install type definitions for a test runner? Try `npm i --save-dev @types/jest` or `npm i --save-dev @types/mocha`.
__tests__/components/Toast.test.tsx(12,3): error TS2304: Cannot find name 'beforeEach'.
__tests__/components/Toast.test.tsx(14,3): error TS2582: Cannot find name 'it'. Do you need to install type definitions for a test runner? Try `npm i --save-dev @types/jest` or `npm i --save-dev @types/mocha`.
__tests__/components/Toast.test.tsx(25,5): error TS2304: Cannot find name 'expect'.
__tests__/components/Toast.test.tsx(26,5): error TS2304: Cannot find name 'expect'.
__tests__/components/Toast.test.tsx(34,5): error TS2304: Cannot find name 'expect'.
__tests__/components/ToolForm.branches2.test.tsx(28,1): error TS2582: Cannot find name 'describe'. Do you need to install type definitions for a test runner? Try `npm i --save-dev @types/jest` or `npm i --save-dev @types/mocha`.
__tests__/components/ToolForm.branches2.test.tsx(29,3): error TS2304: Cannot find name 'beforeEach'.
__tests__/components/ToolForm.branches2.test.tsx(33,3): error TS2582: Cannot find name 'test'. Do you need to install type definitions for a test runner? Try `npm i --save-dev @types/jest` or `npm i --save-dev @types/mocha`.
__tests__/components/ToolForm.branches2.test.tsx(68,5): error TS2304: Cannot find name 'expect'.
__tests__/components/ToolForm.branches2.test.tsx(76,25): error TS2304: Cannot find name 'expect'.
__tests__/components/ToolForm.branches2.test.tsx(77,25): error TS2304: Cannot find name 'expect'.
__tests__/components/ToolForm.branches2.test.tsx(79,7): error TS2304: Cannot find name 'expect'.
__tests__/components/ToolForm.branches2.test.tsx(79,45): error TS2304: Cannot find name 'expect'.
__tests__/components/ToolForm.branches2.test.tsx(81,5): error TS2304: Cannot find name 'expect'.
__tests__/components/ToolForm.branches2.test.tsx(81,42): error TS2304: Cannot find name 'expect'.
__tests__/components/ToolForm.branches2.test.tsx(84,3): error TS2582: Cannot find name 'test'. Do you need to install type definitions for a test runner? Try `npm i --save-dev @types/jest` or `npm i --save-dev @types/mocha`.
__tests__/components/ToolForm.branches2.test.tsx(106,5): error TS2304: Cannot find name 'expect'.
__tests__/components/ToolForm.branches2.test.tsx(112,25): error TS2304: Cannot find name 'expect'.
__tests__/components/ToolForm.branches2.test.tsx(113,25): error TS2304: Cannot find name 'expect'.
__tests__/components/ToolForm.branches2.test.tsx(116,5): error TS2304: Cannot find name 'expect'.
__tests__/components/ToolForm.branches3.test.tsx(28,1): error TS2582: Cannot find name 'describe'. Do you need to install type definitions for a test runner? Try `npm i --save-dev @types/jest` or `npm i --save-dev @types/mocha`.
__tests__/components/ToolForm.branches3.test.tsx(29,3): error TS2304: Cannot find name 'beforeEach'.
__tests__/components/ToolForm.branches3.test.tsx(33,3): error TS2582: Cannot find name 'test'. Do you need to install type definitions for a test runner? Try `npm i --save-dev @types/jest` or `npm i --save-dev @types/mocha`.
__tests__/components/ToolForm.branches3.test.tsx(63,25): error TS2304: Cannot find name 'expect'.
__tests__/components/ToolForm.branches3.test.tsx(65,7): error TS2304: Cannot find name 'expect'.
__tests__/components/ToolForm.branches3.test.tsx(65,45): error TS2304: Cannot find name 'expect'.
__tests__/components/ToolForm.branches3.test.tsx(67,5): error TS2304: Cannot find name 'expect'.
__tests__/components/ToolForm.branches3.test.tsx(67,42): error TS2304: Cannot find name 'expect'.
__tests__/components/ToolForm.branches3.test.tsx(70,3): error TS2582: Cannot find name 'test'. Do you need to install type definitions for a test runner? Try `npm i --save-dev @types/jest` or `npm i --save-dev @types/mocha`.
__tests__/components/ToolForm.branches3.test.tsx(98,25): error TS2304: Cannot find name 'expect'.
__tests__/components/ToolForm.branches3.test.tsx(99,25): error TS2304: Cannot find name 'expect'.
__tests__/components/ToolForm.branches3.test.tsx(101,5): error TS2304: Cannot find name 'expect'.
__tests__/components/ToolForm.test.tsx(24,1): error TS2582: Cannot find name 'describe'. Do you need to install type definitions for a test runner? Try `npm i --save-dev @types/jest` or `npm i --save-dev @types/mocha`.
__tests__/components/ToolForm.test.tsx(25,3): error TS2304: Cannot find name 'beforeEach'.
__tests__/components/ToolForm.test.tsx(29,3): error TS2582: Cannot find name 'test'. Do you need to install type definitions for a test runner? Try `npm i --save-dev @types/jest` or `npm i --save-dev @types/mocha`.
__tests__/components/ToolForm.test.tsx(61,25): error TS2304: Cannot find name 'expect'.
__tests__/components/ToolForm.test.tsx(62,25): error TS2304: Cannot find name 'expect'.
__tests__/components/ToolForm.test.tsx(62,62): error TS2304: Cannot find name 'expect'.
__tests__/components/ToolForm.test.tsx(65,3): error TS2582: Cannot find name 'test'. Do you need to install type definitions for a test runner? Try `npm i --save-dev @types/jest` or `npm i --save-dev @types/mocha`.
__tests__/components/ToolForm.test.tsx(68,5): error TS2304: Cannot find name 'expect'.
__tests__/components/ToolForm.test.tsx(69,5): error TS2304: Cannot find name 'expect'.
__tests__/components/tools/CategorySelector.test.tsx(33,27): error TS2322: Type 'true' is not assignable to type 'never[] & true'.
  Type 'boolean' is not assignable to type 'never[]'.
__tests__/components/tools/ScreenshotManager.extra.test.tsx(22,1): error TS2582: Cannot find name 'describe'. Do you need to install type definitions for a test runner? Try `npm i --save-dev @types/jest` or `npm i --save-dev @types/mocha`.
__tests__/components/tools/ScreenshotManager.extra.test.tsx(23,3): error TS2304: Cannot find name 'beforeEach'.
__tests__/components/tools/ScreenshotManager.extra.test.tsx(30,3): error TS2582: Cannot find name 'test'. Do you need to install type definitions for a test runner? Try `npm i --save-dev @types/jest` or `npm i --save-dev @types/mocha`.
__tests__/components/tools/ScreenshotManager.extra.test.tsx(47,5): error TS2304: Cannot find name 'expect'.
__tests__/components/tools/ScreenshotManager.extra.test.tsx(48,5): error TS2304: Cannot find name 'expect'.
__tests__/components/tools/ScreenshotManager.extra.test.tsx(51,3): error TS2582: Cannot find name 'test'. Do you need to install type definitions for a test runner? Try `npm i --save-dev @types/jest` or `npm i --save-dev @types/mocha`.
__tests__/components/tools/ScreenshotManager.extra.test.tsx(68,5): error TS2304: Cannot find name 'expect'.
__tests__/components/tools/ScreenshotManager.extra.test.tsx(71,3): error TS2582: Cannot find name 'test'. Do you need to install type definitions for a test runner? Try `npm i --save-dev @types/jest` or `npm i --save-dev @types/mocha`.
__tests__/components/tools/ScreenshotManager.extra.test.tsx(97,5): error TS2304: Cannot find name 'expect'.
__tests__/components/tools/ScreenshotManager.extra.test.tsx(100,3): error TS2582: Cannot find name 'test'. Do you need to install type definitions for a test runner? Try `npm i --save-dev @types/jest` or `npm i --save-dev @types/mocha`.
__tests__/components/tools/ScreenshotManager.extra.test.tsx(103,35): error TS2694: Namespace 'global.jest' has no exported member 'MockedFunction'.
__tests__/components/tools/ScreenshotManager.extra.test.tsx(126,25): error TS2304: Cannot find name 'expect'.
__tests__/components/tools/ScreenshotManager.extra.test.tsx(127,5): error TS2304: Cannot find name 'expect'.
__tests__/components/tools/ScreenshotManager.extra.test.tsx(130,3): error TS2582: Cannot find name 'test'. Do you need to install type definitions for a test runner? Try `npm i --save-dev @types/jest` or `npm i --save-dev @types/mocha`.
__tests__/components/tools/ScreenshotManager.extra.test.tsx(135,35): error TS2694: Namespace 'global.jest' has no exported member 'MockedFunction'.
__tests__/components/tools/ScreenshotManager.extra.test.tsx(138,22): error TS2694: Namespace 'global.jest' has no exported member 'MockedFunction'.
__tests__/components/tools/ScreenshotManager.extra.test.tsx(161,25): error TS2304: Cannot find name 'expect'.
__tests__/components/tools/ScreenshotManager.extra.test.tsx(162,5): error TS2304: Cannot find name 'expect'.
__tests__/components/tools/ScreenshotManager.extra.test.tsx(163,5): error TS2304: Cannot find name 'expect'.
__tests__/components/tools/ScreenshotManager.extra.test.tsx(166,3): error TS2582: Cannot find name 'test'. Do you need to install type definitions for a test runner? Try `npm i --save-dev @types/jest` or `npm i --save-dev @types/mocha`.
__tests__/components/tools/ScreenshotManager.extra.test.tsx(169,35): error TS2694: Namespace 'global.jest' has no exported member 'MockedFunction'.
__tests__/components/tools/ScreenshotManager.extra.test.tsx(194,25): error TS2304: Cannot find name 'expect'.
__tests__/components/tools/ScreenshotManager.extra.test.tsx(195,5): error TS2304: Cannot find name 'expect'.
__tests__/components/TwoFactorSetup.enable.test.tsx(18,1): error TS2582: Cannot find name 'test'. Do you need to install type definitions for a test runner? Try `npm i --save-dev @types/jest` or `npm i --save-dev @types/mocha`.
__tests__/components/TwoFactorSetup.enable.test.tsx(21,3): error TS2304: Cannot find name 'expect'.
__tests__/components/TwoFactorSetup.enable.test.tsx(22,3): error TS2304: Cannot find name 'expect'.
__tests__/components/TwoFactorSetup.extra.test.tsx(7,1): error TS2582: Cannot find name 'describe'. Do you need to install type definitions for a test runner? Try `npm i --save-dev @types/jest` or `npm i --save-dev @types/mocha`.
__tests__/components/TwoFactorSetup.extra.test.tsx(8,3): error TS2304: Cannot find name 'beforeEach'.
__tests__/components/TwoFactorSetup.extra.test.tsx(10,3): error TS2582: Cannot find name 'test'. Do you need to install type definitions for a test runner? Try `npm i --save-dev @types/jest` or `npm i --save-dev @types/mocha`.
__tests__/components/TwoFactorSetup.extra.test.tsx(24,5): error TS2304: Cannot find name 'expect'.
__tests__/components/TwoFactorSetup.extra.test.tsx(25,5): error TS2304: Cannot find name 'expect'.
__tests__/components/TwoFactorSetup.extra.test.tsx(28,3): error TS2582: Cannot find name 'test'. Do you need to install type definitions for a test runner? Try `npm i --save-dev @types/jest` or `npm i --save-dev @types/mocha`.
__tests__/components/TwoFactorSetup.extra.test.tsx(56,5): error TS2304: Cannot find name 'expect'.
__tests__/components/TwoFactorSetup.extra.test.tsx(57,5): error TS2304: Cannot find name 'expect'.
__tests__/components/TwoFactorSetup.extra.test.tsx(61,3): error TS2582: Cannot find name 'test'. Do you need to install type definitions for a test runner? Try `npm i --save-dev @types/jest` or `npm i --save-dev @types/mocha`.
__tests__/components/TwoFactorSetup.extra.test.tsx(80,25): error TS2304: Cannot find name 'expect'.
__tests__/components/TwoFactorSetup.extra.test.tsx(81,25): error TS2304: Cannot find name 'expect'.
__tests__/components/TwoFactorSetup.extra.test.tsx(82,5): error TS2304: Cannot find name 'expect'.
__tests__/components/TwoFactorSetup.extra2.test.tsx(19,1): error TS2582: Cannot find name 'test'. Do you need to install type definitions for a test runner? Try `npm i --save-dev @types/jest` or `npm i --save-dev @types/mocha`.
__tests__/components/TwoFactorSetup.extra2.test.tsx(23,3): error TS2304: Cannot find name 'expect'.
__tests__/components/TwoFactorSetup.extra2.test.tsx(24,3): error TS2304: Cannot find name 'expect'.
tests/setupTests.ts(9,1): error TS2304: Cannot find name 'beforeAll'.
tests/setupTests.ts(10,1): error TS2304: Cannot find name 'afterEach'.
tests/setupTests.ts(11,1): error TS2304: Cannot find name 'afterAll'.
tests/test-store.ts(2,15): error TS2305: Module '"@reduxjs/toolkit"' has no exported member 'PreloadedState'.
tests/test-store.ts(13,5): error TS2322: Type 'Record<string, unknown>' is not assignable to type 'Reducer<{ [x: string]: ...; }, UnknownAction, any>'.
  Type 'Record<string, unknown>' provides no match for the signature '(state: any, action: UnknownAction): { [x: string]: ...; }'.
